\BOOKMARK [1][-]{section.1}{Grenouilles dans la culture}{}% 1
\BOOKMARK [2][-]{subsection.1.1}{Mythes bibliques}{section.1}% 2
\BOOKMARK [3][-]{subsubsection.1.1.1}{Exode}{subsection.1.1}% 3
\BOOKMARK [3][-]{subsubsection.1.1.2}{Psaumes}{subsection.1.1}% 4
\BOOKMARK [3][-]{subsubsection.1.1.3}{Sagesse}{subsection.1.1}% 5
\BOOKMARK [2][-]{subsection.1.2}{L'Apocalypse}{section.1}% 6
\BOOKMARK [2][-]{subsection.1.3}{Autres mythes}{section.1}% 7
\BOOKMARK [3][-]{subsubsection.1.3.1}{Grenouille m\351t\351orologue}{subsection.1.3}% 8
\BOOKMARK [2][-]{subsection.1.4}{All\351gorie}{section.1}% 9
\BOOKMARK [1][-]{section.2}{Life of a frog}{}% 10
\BOOKMARK [1][-]{section.3}{\311tymologie et nomenclature}{}% 11
\BOOKMARK [1][-]{section.4}{Usage culinaire}{}% 12
\BOOKMARK [1][-]{section.5}{Grenouilles dans la culture}{}% 13
\BOOKMARK [2][-]{subsection.5.1}{Mythes bibliques}{section.5}% 14
\BOOKMARK [3][-]{subsubsection.5.1.1}{Exode}{subsection.5.1}% 15
\BOOKMARK [3][-]{subsubsection.5.1.2}{Psaumes}{subsection.5.1}% 16
\BOOKMARK [3][-]{subsubsection.5.1.3}{Sagesse}{subsection.5.1}% 17
\BOOKMARK [2][-]{subsection.5.2}{L'Apocalypse}{section.5}% 18
\BOOKMARK [2][-]{subsection.5.3}{Autres mythes}{section.5}% 19
\BOOKMARK [3][-]{subsubsection.5.3.1}{Grenouille m\351t\351orologue}{subsection.5.3}% 20
\BOOKMARK [2][-]{subsection.5.4}{All\351gorie}{section.5}% 21
\BOOKMARK [1][-]{section.6}{pepe the frog}{}% 22
